── Attaching packages ─────────────────────────────────────── tidyverse 1.2.1 ──
✔ ggplot2 3.1.0     ✔ purrr   0.3.0
✔ tibble  2.0.1     ✔ dplyr   0.7.8
✔ tidyr   0.8.2     ✔ stringr 1.3.1
✔ readr   1.3.1     ✔ forcats 0.3.0
── Conflicts ────────────────────────────────────────── tidyverse_conflicts() ──
✖ dplyr::filter() masks stats::filter()
✖ dplyr::lag()    masks stats::lag()
Loading required package: Matrix

Attaching package: ‘Matrix’

The following object is masked from ‘package:tidyr’:

    expand

Loading required package: sp
This is INLA_18.07.12 built 2019-02-05 12:40:27 UTC.
See www.r-inla.org/contact-us for how to get help.
To enable PARDISO sparse library; see inla.pardiso()

Attaching package: ‘pryr’

The following object is masked from ‘package:INLA’:

    f

The following objects are masked from ‘package:purrr’:

    compose, partial

Loading required package: spam
Loading required package: dotCall64
Loading required package: grid
Spam version 2.2-1 (2018-12-20) is loaded.
Type 'help( Spam)' or 'demo( spam)' for a short introduction 
and overview of this package.
Help for individual functions is also obtained by adding the
suffix '.spam' to the function name, e.g. 'help( chol.spam)'.

Attaching package: ‘spam’

The following object is masked from ‘package:INLA’:

    Oral

The following object is masked from ‘package:Matrix’:

    det

The following objects are masked from ‘package:base’:

    backsolve, forwardsolve

Loading required package: maps

Attaching package: ‘maps’

The following object is masked from ‘package:purrr’:

    map

See www.image.ucar.edu/~nychka/Fields for
 a vignette and other supplements. 
Error in readChar(con, 5L, useBytes = TRUE) : cannot open the connection
Calls: load -> readChar
In addition: Warning message:
In readChar(con, 5L, useBytes = TRUE) :
  cannot open compressed file '/home/ipapasta/Desktop/simmesh.RData', probable reason 'No such file or directory'
Execution halted
